<?xml version="1.0" encoding="UTF-8"?>
<testsuite name="parking_lot_system_test.ParkingLotSystemTest" tests="10" skipped="0" failures="0" errors="0" timestamp="2020-02-15T08:51:05" hostname="admin1-HP-EliteBook-Folio-9480m" time="0.063">
  <properties/>
  <testcase name="whenParkingLotIsFull_shouldIntializeStatusToFull" classname="parking_lot_system_test.ParkingLotSystemTest" time="0.028"/>
  <testcase name="whenCarGettingUnpark_shouldOwnerKnowParkingTime" classname="parking_lot_system_test.ParkingLotSystemTest" time="0.001"/>
  <testcase name="whenCarGettingUnpark_shouldOwnerKnowParkingTim" classname="parking_lot_system_test.ParkingLotSystemTest" time="0.02"/>
  <testcase name="whenParkingLotIsFull_shouldChangeAirportSecurityToFull" classname="parking_lot_system_test.ParkingLotSystemTest" time="0.007"/>
  <testcase name="whenGivenPerticularLotNo_shouldAbleToPark" classname="parking_lot_system_test.ParkingLotSystemTest" time="0.001"/>
  <testcase name="whenCarIsUnparked_shouldChangeTheStatusOfParkingLotToEmpty" classname="parking_lot_system_test.ParkingLotSystemTest" time="0.001"/>
  <testcase name="whenDriverComeToPark_shoulsAbleToPark" classname="parking_lot_system_test.ParkingLotSystemTest" time="0.001"/>
  <testcase name="whenCarIsPark_shouldAbleToFindVehicle" classname="parking_lot_system_test.ParkingLotSystemTest" time="0.0"/>
  <testcase name="whenDriverComeToUnpark_shoulsAbleToUnpark" classname="parking_lot_system_test.ParkingLotSystemTest" time="0.001"/>
  <testcase name="whenParkingLotIsEmpty_shouldIntializeStatusToEmpty" classname="parking_lot_system_test.ParkingLotSystemTest" time="0.0"/>
  <system-out><![CDATA[1
[parking_lot_system.ParkedVehicle@1c611fb9, null]
1
[parking_lot_system.ParkedVehicle@1c611fb9, parking_lot_system.ParkedVehicle@3de7c397]
1
[parking_lot_system.ParkedVehicle@5e91becc, null]
parkedDuration2020-02-15T14:21:05.576490
1
[parking_lot_system.ParkedVehicle@22ae7ce8, null, null, null, null, null, null, null, null, null, null, null, null, null, null, null, null, null, null, null, null, null, null, null, null, null, null, null, null, null, null, null, null, null, null, null, null, null, null, null, null, null, null, null, null, null, null, null, null, null, null, null, null, null, null, null, null, null, null, null, null, null, null, null, null, null, null, null, null, null, null, null, null, null, null, null, null, null, null, null, null, null, null, null, null, null, null, null, null, null, null, null, null, null, null, null, null, null, null, null]
1
[parking_lot_system.ParkedVehicle@22ae7ce8, parking_lot_system.ParkedVehicle@60b3386d, null, null, null, null, null, null, null, null, null, null, null, null, null, null, null, null, null, null, null, null, null, null, null, null, null, null, null, null, null, null, null, null, null, null, null, null, null, null, null, null, null, null, null, null, null, null, null, null, null, null, null, null, null, null, null, null, null, null, null, null, null, null, null, null, null, null, null, null, null, null, null, null, null, null, null, null, null, null, null, null, null, null, null, null, null, null, null, null, null, null, null, null, null, null, null, null, null, null]
1
[parking_lot_system.ParkedVehicle@22ae7ce8, parking_lot_system.ParkedVehicle@60b3386d, parking_lot_system.ParkedVehicle@74623cbb, null, null, null, null, null, null, null, null, null, null, null, null, null, null, null, null, null, null, null, null, null, null, null, null, null, null, null, null, null, null, null, null, null, null, null, null, null, null, null, null, null, null, null, null, null, null, null, null, null, null, null, null, null, null, null, null, null, null, null, null, null, null, null, null, null, null, null, null, null, null, null, null, null, null, null, null, null, null, null, null, null, null, null, null, null, null, null, null, null, null, null, null, null, null, null, null, null]
1
[parking_lot_system.ParkedVehicle@22ae7ce8, parking_lot_system.ParkedVehicle@60b3386d, parking_lot_system.ParkedVehicle@74623cbb, parking_lot_system.ParkedVehicle@27569b25, null, null, null, null, null, null, null, null, null, null, null, null, null, null, null, null, null, null, null, null, null, null, null, null, null, null, null, null, null, null, null, null, null, null, null, null, null, null, null, null, null, null, null, null, null, null, null, null, null, null, null, null, null, null, null, null, null, null, null, null, null, null, null, null, null, null, null, null, null, null, null, null, null, null, null, null, null, null, null, null, null, null, null, null, null, null, null, null, null, null, null, null, null, null, null, null]
1
[parking_lot_system.ParkedVehicle@22ae7ce8, parking_lot_system.ParkedVehicle@60b3386d, parking_lot_system.ParkedVehicle@74623cbb, parking_lot_system.ParkedVehicle@27569b25, parking_lot_system.ParkedVehicle@764efa1b, null, null, null, null, null, null, null, null, null, null, null, null, null, null, null, null, null, null, null, null, null, null, null, null, null, null, null, null, null, null, null, null, null, null, null, null, null, null, null, null, null, null, null, null, null, null, null, null, null, null, null, null, null, null, null, null, null, null, null, null, null, null, null, null, null, null, null, null, null, null, null, null, null, null, null, null, null, null, null, null, null, null, null, null, null, null, null, null, null, null, null, null, null, null, null]
1
[parking_lot_system.ParkedVehicle@22ae7ce8, parking_lot_system.ParkedVehicle@60b3386d, parking_lot_system.ParkedVehicle@74623cbb, parking_lot_system.ParkedVehicle@27569b25, parking_lot_system.ParkedVehicle@764efa1b, parking_lot_system.ParkedVehicle@fc7c4ef, null, null, null, null, null, null, null, null, null, null, null, null, null, null, null, null, null, null, null, null, null, null, null, null, null, null, null, null, null, null, null, null, null, null, null, null, null, null, null, null, null, null, null, null, null, null, null, null, null, null, null, null, null, null, null, null, null, null, null, null, null, null, null, null, null, null, null, null, null, null, null, null, null, null, null, null, null, null, null, null, null, null, null, null, null, null, null, null, null, null, null, null, null, null]
1
[parking_lot_system.ParkedVehicle@6aa5a648, null]
1
[parking_lot_system.ParkedVehicle@6aa5a648, parking_lot_system.ParkedVehicle@7939878a]
[null, parking_lot_system.ParkedVehicle@78262494]
1
[parking_lot_system.ParkedVehicle@49f777c3, null]
1
[parking_lot_system.ParkedVehicle@49f777c3, parking_lot_system.ParkedVehicle@ea70f53]
parkedDuration2020-02-15T14:21:05.606549
1
[parking_lot_system.ParkedVehicle@3b97ccda, null]
[null, parking_lot_system.ParkedVehicle@72dc5db8]
1
[parking_lot_system.ParkedVehicle@67654f, null]
parkedDuration2020-02-15T14:21:05.608690
1
[parking_lot_system.ParkedVehicle@23d96eda, null]
]]></system-out>
  <system-err><![CDATA[]]></system-err>
</testsuite>
