<?xml version="1.0" encoding="UTF-8"?>
<testsuite name="parking_lot_system_test.ParkingLotSystemTest" tests="1" skipped="0" failures="0" errors="0" timestamp="2020-02-13T12:28:10" hostname="admin1-HP-EliteBook-Folio-9480m" time="0.014">
  <properties/>
  <testcase name="whenParkingOwnerWantToParkAtPerticularLot_shoulsAbleToPark" classname="parking_lot_system_test.ParkingLotSystemTest" time="0.014"/>
  <system-out><![CDATA[1
2
[null, parking_lot_system.ParkedVehicle@70452702]
]]></system-out>
  <system-err><![CDATA[]]></system-err>
</testsuite>
