<?xml version="1.0" encoding="UTF-8"?>
<testsuite name="parking_lot_system_test.ParkingLotSystemTest" tests="1" skipped="0" failures="0" errors="0" timestamp="2020-02-15T05:41:26" hostname="admin1-HP-EliteBook-Folio-9480m" time="0.12">
  <properties/>
  <testcase name="whenCarGettingUnpark_shouldOwnerKnowParkingTim" classname="parking_lot_system_test.ParkingLotSystemTest" time="0.12"/>
  <system-out><![CDATA[1
2
3
4
5
6
7
8
9
10
11
12
13
14
15
16
17
18
19
20
1
2
3
4
5
6
7
8
9
10
11
12
13
14
15
16
17
18
19
20
1
2
3
4
5
6
7
8
9
10
11
12
13
14
15
16
17
18
19
20
1
2
3
4
5
6
7
8
9
10
11
12
13
14
15
16
17
18
19
20
excecution time-->-969
1
[parking_lot_system.ParkedVehicle@599b9e62, null, null, null, null, null, null, null, null, null, null, null, null, null, null, null, null, null, null, null]
1
2
3
4
5
6
7
8
9
10
11
12
13
14
15
16
17
18
19
20
1
2
3
4
5
6
7
8
9
10
11
12
13
14
15
16
17
18
19
20
1
2
3
4
5
6
7
8
9
10
11
12
13
14
15
16
17
18
19
20
1
2
3
4
5
6
7
8
9
10
11
12
13
14
15
16
17
18
19
20
excecution time-->20
2
[parking_lot_system.ParkedVehicle@599b9e62, null, null, null, null, parking_lot_system.ParkedVehicle@c48252e, null, null, null, null, null, null, null, null, null, null, null, null, null, null]
1
2
3
4
5
6
7
8
9
10
11
12
13
14
15
16
17
18
19
20
1
2
3
4
5
6
7
8
9
10
11
12
13
14
15
16
17
18
19
20
1
2
3
4
5
6
7
8
9
10
11
12
13
14
15
16
17
18
19
20
1
2
3
4
5
6
7
8
9
10
11
12
13
14
15
16
17
18
19
20
excecution time-->11
3
[parking_lot_system.ParkedVehicle@599b9e62, null, null, null, null, parking_lot_system.ParkedVehicle@c48252e, null, null, null, null, parking_lot_system.ParkedVehicle@24670d5e, null, null, null, null, null, null, null, null, null]
1
2
3
4
5
6
7
8
9
10
11
12
13
14
15
16
17
18
19
20
1
2
3
4
5
6
7
8
9
10
11
12
13
14
15
16
17
18
19
20
1
2
3
4
5
6
7
8
9
10
11
12
13
14
15
16
17
18
19
20
1
2
3
4
5
6
7
8
9
10
11
12
13
14
15
16
17
18
19
20
excecution time-->4
4
[parking_lot_system.ParkedVehicle@599b9e62, null, null, null, null, parking_lot_system.ParkedVehicle@c48252e, null, null, null, null, parking_lot_system.ParkedVehicle@24670d5e, null, null, null, null, parking_lot_system.ParkedVehicle@555e4e18, null, null, null, null]
1
2
3
4
5
6
7
8
9
10
11
12
13
14
15
16
17
18
19
20
1
2
3
4
5
6
7
8
9
10
11
12
13
14
15
16
17
18
19
20
1
2
3
4
5
6
7
8
9
10
11
12
13
14
15
16
17
18
19
20
1
2
3
4
5
6
7
8
9
10
11
12
13
14
15
16
17
18
19
20
excecution time-->11
1
[parking_lot_system.ParkedVehicle@599b9e62, parking_lot_system.ParkedVehicle@50b3b25f, null, null, null, parking_lot_system.ParkedVehicle@c48252e, null, null, null, null, parking_lot_system.ParkedVehicle@24670d5e, null, null, null, null, parking_lot_system.ParkedVehicle@555e4e18, null, null, null, null]
1
2
3
4
5
6
7
8
9
10
11
12
13
14
15
16
17
18
19
20
1
2
3
4
5
6
7
8
9
10
11
12
13
14
15
16
17
18
19
20
1
2
3
4
5
6
7
8
9
10
11
12
13
14
15
16
17
18
19
20
1
2
3
4
5
6
7
8
9
10
11
12
13
14
15
16
17
18
19
20
excecution time-->3
2
[parking_lot_system.ParkedVehicle@599b9e62, parking_lot_system.ParkedVehicle@50b3b25f, null, null, null, parking_lot_system.ParkedVehicle@c48252e, parking_lot_system.ParkedVehicle@1d9f8c32, null, null, null, parking_lot_system.ParkedVehicle@24670d5e, null, null, null, null, parking_lot_system.ParkedVehicle@555e4e18, null, null, null, null]
]]></system-out>
  <system-err><![CDATA[]]></system-err>
</testsuite>
